<?xml version="1.0" encoding="UTF-8"?>
<!-- Generated by org.testng.reporters.JUnitXMLReporter -->
<testsuite hostname="HMDNYC-41RVJGH5" name="Test-Suite(failed)" tests="1" failures="0" timestamp="3 Feb 2021 21:33:17 GMT" time="10.738" errors="0">
  <testcase name="testVerifyCompareVehiclePage" time="5.991" classname="com.test.us.functional.VerifyPagesDetail"/>
</testsuite> <!-- Test-Suite(failed) -->
