<?xml version="1.0" encoding="UTF-8"?>
<!-- Generated by org.testng.reporters.JUnitReportReporter -->
<testsuite hostname="HMDNYC-41RVJGH5" name="com.test.raqemail.us.mobile.RAQContactADealerMobile" tests="1" failures="0" timestamp="13 Nov 2020 18:58:02 GMT" time="37.041" errors="0">
  <testcase name="RAQContactADealerMobileTest" time="37.041" classname="com.test.raqemail.us.mobile.RAQContactADealerMobile"/>
</testsuite> <!-- com.test.raqemail.us.mobile.RAQContactADealerMobile -->
