<?xml version="1.0" encoding="UTF-8"?>
<!-- Generated by org.testng.reporters.JUnitReportReporter -->
<testsuite hostname="HMDNYC-41RVJGH5" name="com.test.smoke.CompareBuildPriceContent" tests="1" failures="0" timestamp="29 Oct 2020 21:25:33 GMT" time="149.447" errors="0">
  <testcase name="CompareBuildPriceTruckContentTest" time="149.447" classname="com.test.smoke.CompareBuildPriceContent"/>
</testsuite> <!-- com.test.smoke.CompareBuildPriceContent -->
