<?xml version="1.0" encoding="UTF-8"?>
<!-- Generated by org.testng.reporters.JUnitReportReporter -->
<testsuite hostname="HMDNYC-41RVJGH5" name="com.test.us.mobile.RAQLocalSpecialMobile" tests="3" failures="0" timestamp="3 Mar 2020 23:28:52 GMT" time="65.141" errors="0">
  <testcase name="RAQLocalSpecialMobileTest" time="17.551" classname="com.test.us.mobile.RAQLocalSpecialMobile"/>
  <testcase name="RAQLocalSpecialMobileTest" time="23.980" classname="com.test.us.mobile.RAQLocalSpecialMobile"/>
  <testcase name="RAQLocalSpecialMobileTest" time="23.610" classname="com.test.us.mobile.RAQLocalSpecialMobile"/>
</testsuite> <!-- com.test.us.mobile.RAQLocalSpecialMobile -->
