<?xml version="1.0" encoding="UTF-8"?>
<!-- Generated by org.testng.reporters.JUnitReportReporter -->
<testsuite hostname="HMDNYC-41RVJGH5" name="com.test.raqemail.us.mobile.RAQSearchInventoryMobile" tests="1" failures="0" timestamp="13 Nov 2020 18:54:16 GMT" time="16.811" errors="0">
  <testcase name="RAQSearchInventoryMobileTest" time="16.811" classname="com.test.raqemail.us.mobile.RAQSearchInventoryMobile"/>
</testsuite> <!-- com.test.raqemail.us.mobile.RAQSearchInventoryMobile -->
