<?xml version="1.0" encoding="UTF-8"?>
<!-- Generated by org.testng.reporters.JUnitReportReporter -->
<testsuite hostname="HMDNYC-41RVJGH5" name="com.test.us.desktop.RAQSearchInventory" tests="3" failures="0" timestamp="3 Mar 2020 23:22:05 GMT" time="71.546" errors="0">
  <testcase name="RAQSearchInventoryTest" time="24.012" classname="com.test.us.desktop.RAQSearchInventory"/>
  <testcase name="RAQSearchInventoryTest" time="23.717" classname="com.test.us.desktop.RAQSearchInventory"/>
  <testcase name="RAQSearchInventoryTest" time="23.817" classname="com.test.us.desktop.RAQSearchInventory"/>
</testsuite> <!-- com.test.us.desktop.RAQSearchInventory -->
