<?xml version="1.0" encoding="UTF-8"?>
<!-- Generated by org.testng.reporters.JUnitReportReporter -->
<testsuite hostname="HMDNYC-41RVJGH5" name="com.test.us.functional.URLOfferType" tests="8" failures="0" timestamp="6 Aug 2020 15:03:38 GMT" time="239.231" errors="0">
  <testcase name="HomePageURLOfferTest" time="17.696" classname="com.test.us.functional.URLOfferType"/>
  <testcase name="MLPURLOfferTest" time="14.970" classname="com.test.us.functional.URLOfferType"/>
  <testcase name="MLPURLOfferTest" time="16.546" classname="com.test.us.functional.URLOfferType"/>
  <testcase name="MLPURLOfferTest" time="15.075" classname="com.test.us.functional.URLOfferType"/>
  <testcase name="MLPURLOfferTest" time="24.340" classname="com.test.us.functional.URLOfferType"/>
  <testcase name="HomePageURLOfferTest" time="114.608" classname="com.test.us.functional.URLOfferType"/>
  <testcase name="HomePageURLOfferTest" time="17.424" classname="com.test.us.functional.URLOfferType"/>
  <testcase name="HomePageURLOfferTest" time="18.572" classname="com.test.us.functional.URLOfferType"/>
</testsuite> <!-- com.test.us.functional.URLOfferType -->
