<?xml version="1.0" encoding="UTF-8"?>
<!-- Generated by org.testng.reporters.JUnitReportReporter -->
<testsuite hostname="HMDNYC-41RVJGH5" name="com.test.us.functional.RAQCertifiedMiraiPMADealerList" tests="24" failures="0" timestamp="2 Dec 2020 18:42:57 GMT" time="398.607" errors="0">
  <testcase name="RAQStandAloneCertifiedMiraiPMADealerListTest" time="18.272" classname="com.test.us.functional.RAQCertifiedMiraiPMADealerList"/>
  <testcase name="RAQStandAloneCertifiedMiraiPMADealerListTest" time="16.299" classname="com.test.us.functional.RAQCertifiedMiraiPMADealerList"/>
  <testcase name="RAQStandAloneCertifiedMiraiPMADealerListTest" time="17.916" classname="com.test.us.functional.RAQCertifiedMiraiPMADealerList"/>
  <testcase name="RAQContactaDealerCertifiedMiraiPMADealerListTest" time="14.802" classname="com.test.us.functional.RAQCertifiedMiraiPMADealerList"/>
  <testcase name="RAQContactaDealerCertifiedMiraiPMADealerListTest" time="14.553" classname="com.test.us.functional.RAQCertifiedMiraiPMADealerList"/>
  <testcase name="RAQStandAloneCertifiedMiraiPMADealerListTest" time="17.839" classname="com.test.us.functional.RAQCertifiedMiraiPMADealerList"/>
  <testcase name="RAQStandAloneCertifiedMiraiPMADealerListTest" time="18.870" classname="com.test.us.functional.RAQCertifiedMiraiPMADealerList"/>
  <testcase name="RAQStandAloneCertifiedMiraiPMADealerListTest" time="17.991" classname="com.test.us.functional.RAQCertifiedMiraiPMADealerList"/>
  <testcase name="RAQContactaDealerCertifiedMiraiPMADealerListTest" time="14.111" classname="com.test.us.functional.RAQCertifiedMiraiPMADealerList"/>
  <testcase name="RAQStandAloneCertifiedMiraiPMADealerListTest" time="18.565" classname="com.test.us.functional.RAQCertifiedMiraiPMADealerList"/>
  <testcase name="RAQStandAloneCertifiedMiraiPMADealerListTest" time="17.317" classname="com.test.us.functional.RAQCertifiedMiraiPMADealerList"/>
  <testcase name="RAQContactaDealerCertifiedMiraiPMADealerListTest" time="15.091" classname="com.test.us.functional.RAQCertifiedMiraiPMADealerList"/>
  <testcase name="RAQStandAloneCertifiedMiraiPMADealerListTest" time="18.207" classname="com.test.us.functional.RAQCertifiedMiraiPMADealerList"/>
  <testcase name="RAQContactaDealerCertifiedMiraiPMADealerListTest" time="15.146" classname="com.test.us.functional.RAQCertifiedMiraiPMADealerList"/>
  <testcase name="RAQContactaDealerCertifiedMiraiPMADealerListTest" time="15.862" classname="com.test.us.functional.RAQCertifiedMiraiPMADealerList"/>
  <testcase name="RAQStandAloneCertifiedMiraiPMADealerListTest" time="17.813" classname="com.test.us.functional.RAQCertifiedMiraiPMADealerList"/>
  <testcase name="RAQContactaDealerCertifiedMiraiPMADealerListTest" time="14.261" classname="com.test.us.functional.RAQCertifiedMiraiPMADealerList"/>
  <testcase name="RAQStandAloneCertifiedMiraiPMADealerListTest" time="17.839" classname="com.test.us.functional.RAQCertifiedMiraiPMADealerList"/>
  <testcase name="RAQContactaDealerCertifiedMiraiPMADealerListTest" time="15.311" classname="com.test.us.functional.RAQCertifiedMiraiPMADealerList"/>
  <testcase name="RAQContactaDealerCertifiedMiraiPMADealerListTest" time="15.537" classname="com.test.us.functional.RAQCertifiedMiraiPMADealerList"/>
  <testcase name="RAQStandAloneCertifiedMiraiPMADealerListTest" time="17.900" classname="com.test.us.functional.RAQCertifiedMiraiPMADealerList"/>
  <testcase name="RAQContactaDealerCertifiedMiraiPMADealerListTest" time="16.963" classname="com.test.us.functional.RAQCertifiedMiraiPMADealerList"/>
  <testcase name="RAQContactaDealerCertifiedMiraiPMADealerListTest" time="16.877" classname="com.test.us.functional.RAQCertifiedMiraiPMADealerList"/>
  <testcase name="RAQContactaDealerCertifiedMiraiPMADealerListTest" time="15.265" classname="com.test.us.functional.RAQCertifiedMiraiPMADealerList"/>
</testsuite> <!-- com.test.us.functional.RAQCertifiedMiraiPMADealerList -->
