<?xml version="1.0" encoding="UTF-8"?>
<!-- Generated by org.testng.reporters.JUnitReportReporter -->
<testsuite hostname="HMDNYC-41RVJGH5" name="com.test.smoke.AppSmoke" tests="35" failures="0" timestamp="3 Feb 2021 21:30:35 GMT" time="379.601" errors="0">
  <testcase name="AppSmokeTest" time="4.999" classname="com.test.smoke.AppSmoke"/>
  <testcase name="AppSmokeTest" time="3.799" classname="com.test.smoke.AppSmoke"/>
  <testcase name="AppSmokeTest" time="3.312" classname="com.test.smoke.AppSmoke"/>
  <testcase name="AppSmokeTest" time="33.524" classname="com.test.smoke.AppSmoke"/>
  <testcase name="AppSmokeTest" time="3.339" classname="com.test.smoke.AppSmoke"/>
  <testcase name="AppSmokeTest" time="6.805" classname="com.test.smoke.AppSmoke"/>
  <testcase name="AppSmokeTest" time="3.722" classname="com.test.smoke.AppSmoke"/>
  <testcase name="AppSmokeTest" time="3.520" classname="com.test.smoke.AppSmoke"/>
  <testcase name="AppSmokeTest" time="5.124" classname="com.test.smoke.AppSmoke"/>
  <testcase name="AppSmokeTest" time="4.170" classname="com.test.smoke.AppSmoke"/>
  <testcase name="AppSmokeTest" time="4.586" classname="com.test.smoke.AppSmoke"/>
  <testcase name="AppSmokeTest" time="3.384" classname="com.test.smoke.AppSmoke"/>
  <testcase name="AppSmokeTest" time="3.280" classname="com.test.smoke.AppSmoke"/>
  <testcase name="AppSmokeTest" time="3.374" classname="com.test.smoke.AppSmoke"/>
  <testcase name="AppSmokeTest" time="33.377" classname="com.test.smoke.AppSmoke"/>
  <testcase name="AppSmokeTest" time="4.743" classname="com.test.smoke.AppSmoke"/>
  <testcase name="AppSmokeTest" time="3.041" classname="com.test.smoke.AppSmoke"/>
  <testcase name="AppSmokeTest" time="4.438" classname="com.test.smoke.AppSmoke"/>
  <testcase name="AppSmokeTest" time="4.067" classname="com.test.smoke.AppSmoke"/>
  <testcase name="AppSmokeTest" time="33.110" classname="com.test.smoke.AppSmoke"/>
  <testcase name="AppSmokeTest" time="33.501" classname="com.test.smoke.AppSmoke"/>
  <testcase name="AppSmokeTest" time="32.909" classname="com.test.smoke.AppSmoke"/>
  <testcase name="AppSmokeTest" time="6.344" classname="com.test.smoke.AppSmoke"/>
  <testcase name="AppSmokeTest" time="4.389" classname="com.test.smoke.AppSmoke"/>
  <testcase name="AppSmokeTest" time="4.418" classname="com.test.smoke.AppSmoke"/>
  <testcase name="AppSmokeTest" time="4.921" classname="com.test.smoke.AppSmoke"/>
  <testcase name="AppSmokeTest" time="32.898" classname="com.test.smoke.AppSmoke"/>
  <testcase name="AppSmokeTest" time="4.981" classname="com.test.smoke.AppSmoke"/>
  <testcase name="AppSmokeTest" time="3.782" classname="com.test.smoke.AppSmoke"/>
  <testcase name="AppSmokeTest" time="33.548" classname="com.test.smoke.AppSmoke"/>
  <testcase name="AppSmokeTest" time="3.545" classname="com.test.smoke.AppSmoke"/>
  <testcase name="AppSmokeTest" time="3.696" classname="com.test.smoke.AppSmoke"/>
  <testcase name="AppSmokeTest" time="3.643" classname="com.test.smoke.AppSmoke"/>
  <testcase name="AppSmokeTest" time="33.783" classname="com.test.smoke.AppSmoke"/>
  <testcase name="AppSmokeTest" time="3.529" classname="com.test.smoke.AppSmoke"/>
</testsuite> <!-- com.test.smoke.AppSmoke -->
