<?xml version="1.0" encoding="UTF-8"?>
<!-- Generated by org.testng.reporters.JUnitReportReporter -->
<testsuite hostname="HMDNYC-41RVJGH5" name="com.test.raqemail.espanol.mobile.RAQBuildAndPriceEspMobile" tests="1" failures="0" timestamp="13 Nov 2020 19:44:57 GMT" time="32.011" errors="0">
  <testcase name="RAQBuildAndPriceEspMobileTest" time="32.011" classname="com.test.raqemail.espanol.mobile.RAQBuildAndPriceEspMobile"/>
</testsuite> <!-- com.test.raqemail.espanol.mobile.RAQBuildAndPriceEspMobile -->
