<?xml version="1.0" encoding="UTF-8"?>
<!-- Generated by org.testng.reporters.JUnitReportReporter -->
<testsuite hostname="HMDNYC-41RVJGH5" name="com.test.us.functional.VerifyPagesDetail" tests="1" failures="0" timestamp="3 Feb 2021 21:33:17 GMT" time="8.252" errors="0">
  <testcase name="testVerifyCompareVehiclePage" time="8.252" classname="com.test.us.functional.VerifyPagesDetail"/>
</testsuite> <!-- com.test.us.functional.VerifyPagesDetail -->
