<?xml version="1.0" encoding="UTF-8"?>
<!-- Generated by org.testng.reporters.JUnitReportReporter -->
<testsuite hostname="HMDNYC-41RVJGH5" name="com.test.us.functional.WhatFitsMyBudget" tests="1" failures="0" timestamp="12 Nov 2020 15:26:02 GMT" time="23.211" errors="0">
  <testcase name="testWhatFitMyBudgetFilter" time="23.211" classname="com.test.us.functional.WhatFitsMyBudget"/>
</testsuite> <!-- com.test.us.functional.WhatFitsMyBudget -->
