<?xml version="1.0" encoding="UTF-8"?>
<!-- Generated by org.testng.reporters.JUnitReportReporter -->
<testsuite hostname="HMDNYC-41RVJGH5" name="com.test.us.functional.SearchInventory" tests="4" failures="0" timestamp="26 Jan 2021 19:52:06 GMT" time="58.317" errors="0">
  <testcase name="testFilterAccessories" time="10.803" classname="com.test.us.functional.SearchInventory"/>
  <testcase name="testVerifySpecialOffer" time="10.947" classname="com.test.us.functional.SearchInventory"/>
  <testcase name="SortPriceTest" time="15.432" classname="com.test.us.functional.SearchInventory"/>
  <testcase name="FilterByModelEngineColorTest" time="21.135" classname="com.test.us.functional.SearchInventory"/>
</testsuite> <!-- com.test.us.functional.SearchInventory -->
