<?xml version="1.0" encoding="UTF-8"?>
<!-- Generated by org.testng.reporters.JUnitReportReporter -->
<testsuite hostname="HMDNYC-41RVJGH5" name="com.test.us.functional.GXPSmarthPath" tests="1" failures="0" timestamp="24 Feb 2020 19:12:51 GMT" time="24.791" errors="0">
  <testcase name="multiTDAModalDisplayTest" time="24.791" classname="com.test.us.functional.GXPSmarthPath"/>
</testsuite> <!-- com.test.us.functional.GXPSmarthPath -->
