<?xml version="1.0" encoding="UTF-8"?>
<!-- Generated by org.testng.reporters.JUnitReportReporter -->
<testsuite hostname="HMDNYC-41RVJGH5" name="com.test.us.functional.ContactForm" tests="8" failures="0" timestamp="11 Dec 2020 17:16:36 GMT" time="70.119" errors="0">
  <testcase name="contactSupraXfinityEspanolTest" time="7.069" classname="com.test.us.functional.ContactForm"/>
  <testcase name="contactGRHotHatchEspanolTest" time="17.484" classname="com.test.us.functional.ContactForm"/>
  <testcase name="contactEspanolFleetTest" time="7.084" classname="com.test.us.functional.ContactForm"/>
  <testcase name="contactSupraXfinitySeriesTest" time="7.123" classname="com.test.us.functional.ContactForm"/>
  <testcase name="contactGRHotHatchTest" time="4.843" classname="com.test.us.functional.ContactForm"/>
  <testcase name="contactFleetTest" time="12.324" classname="com.test.us.functional.ContactForm"/>
  <testcase name="contactGRSupraTest" time="9.532" classname="com.test.us.functional.ContactForm"/>
  <testcase name="contactGRSupraEspanolTest" time="4.660" classname="com.test.us.functional.ContactForm"/>
</testsuite> <!-- com.test.us.functional.ContactForm -->
