<?xml version="1.0" encoding="UTF-8"?>
<!-- Generated by org.testng.reporters.JUnitReportReporter -->
<testsuite hostname="HMDNYC-41RVJGH5" name="com.test.us.desktop.RAQFindYourMatch" tests="1" failures="0" timestamp="3 Mar 2020 23:22:05 GMT" time="27.936" errors="0">
  <testcase name="RAQFindYourMatchTest" time="27.936" classname="com.test.us.desktop.RAQFindYourMatch"/>
</testsuite> <!-- com.test.us.desktop.RAQFindYourMatch -->
