<?xml version="1.0" encoding="UTF-8"?>
<!-- Generated by org.testng.reporters.JUnitReportReporter -->
<testsuite hostname="HMDNYC-41RVJGH5" name="com.test.espanol.mobile.RAQBuildAndPriceEspMobile" tests="1" failures="0" timestamp="3 Mar 2020 23:22:05 GMT" time="33.072" errors="0">
  <testcase name="RAQBuildAndPriceEspMobileTest" time="33.072" classname="com.test.espanol.mobile.RAQBuildAndPriceEspMobile"/>
</testsuite> <!-- com.test.espanol.mobile.RAQBuildAndPriceEspMobile -->
