<?xml version="1.0" encoding="UTF-8"?>
<!-- Generated by org.testng.reporters.JUnitReportReporter -->
<testsuite hostname="HMDNYC-41RVJGH5" name="com.test.us.functional.FindADealerSETProximity" tests="6" failures="0" timestamp="1 Dec 2020 15:08:22 GMT" time="165.537" errors="0">
  <testcase name="DealerLocatorPMATest" time="5.923" classname="com.test.us.functional.FindADealerSETProximity"/>
  <testcase name="verifyAdealerDistanceForAllZipcodeTest" time="39.406" classname="com.test.us.functional.FindADealerSETProximity"/>
  <testcase name="DealerLocatorPMATest" time="7.136" classname="com.test.us.functional.FindADealerSETProximity"/>
  <testcase name="verifyAdealerDistanceForAllZipcodeTest" time="34.366" classname="com.test.us.functional.FindADealerSETProximity"/>
  <testcase name="verifyAdealerDistanceForAllZipcodeTest" time="44.139" classname="com.test.us.functional.FindADealerSETProximity"/>
  <testcase name="verifyAdealerDistanceForAllZipcodeTest" time="34.567" classname="com.test.us.functional.FindADealerSETProximity"/>
</testsuite> <!-- com.test.us.functional.FindADealerSETProximity -->
