<?xml version="1.0" encoding="UTF-8"?>
<!-- Generated by org.testng.reporters.JUnitReportReporter -->
<testsuite hostname="HMDNYC-41RVJGH5" name="com.test.us.functional.VerifyTDACookieGXP" tests="2" failures="0" timestamp="20 Jan 2021 22:47:59 GMT" time="19.683" errors="0">
  <testcase name="VerifyTDACookieGXPTest" time="8.076" classname="com.test.us.functional.VerifyTDACookieGXP"/>
  <testcase name="VerifyTDACookieGXPTest" time="11.607" classname="com.test.us.functional.VerifyTDACookieGXP"/>
</testsuite> <!-- com.test.us.functional.VerifyTDACookieGXP -->
