<?xml version="1.0" encoding="UTF-8"?>
<!-- Generated by org.testng.reporters.JUnitReportReporter -->
<testsuite hostname="HMDNYC-41RVJGH5" name="com.test.raqemail.espanol.desktop.RAQLocalSpecialEsp" tests="2" failures="0" timestamp="8 Apr 2020 17:27:45 GMT" time="32.591" errors="0">
  <testcase name="RAQLocalSpecialEspTest" time="15.881" classname="com.test.raqemail.espanol.desktop.RAQLocalSpecialEsp"/>
  <testcase name="RAQLocalSpecialEspTest" time="16.710" classname="com.test.raqemail.espanol.desktop.RAQLocalSpecialEsp"/>
</testsuite> <!-- com.test.raqemail.espanol.desktop.RAQLocalSpecialEsp -->
