<?xml version="1.0" encoding="UTF-8"?>
<!-- Generated by org.testng.reporters.JUnitReportReporter -->
<testsuite hostname="HMDNYC-41RVJGH5" name="com.test.raqemail.us.desktop.RAQFindYourMatch" tests="2" failures="0" timestamp="3 Feb 2021 19:46:49 GMT" time="33.370" errors="0">
  <testcase name="RAQFindYourMatchTest" time="14.869" classname="com.test.raqemail.us.desktop.RAQFindYourMatch"/>
  <testcase name="RAQFindYourMatchTest" time="18.501" classname="com.test.raqemail.us.desktop.RAQFindYourMatch"/>
</testsuite> <!-- com.test.raqemail.us.desktop.RAQFindYourMatch -->
