<?xml version="1.0" encoding="UTF-8"?>
<!-- Generated by org.testng.reporters.JUnitReportReporter -->
<testsuite hostname="HMDNYC-41RVJGH5" name="com.test.us.functional.DGEnvironmentMapping" tests="3" failures="0" timestamp="3 Feb 2021 19:34:11 GMT" time="34.219" errors="0">
  <testcase name="verifyEnvAndJsLoadsOnRtiSavesPage" time="11.962" classname="com.test.us.functional.DGEnvironmentMapping"/>
  <testcase name="verifyEnvAndJsLoadsOnRtiPage" time="10.393" classname="com.test.us.functional.DGEnvironmentMapping"/>
  <testcase name="verifyEnvAndJsLoadingOnHomePage" time="11.864" classname="com.test.us.functional.DGEnvironmentMapping"/>
</testsuite> <!-- com.test.us.functional.DGEnvironmentMapping -->
