<?xml version="1.0" encoding="UTF-8"?>
<!-- Generated by org.testng.reporters.JUnitReportReporter -->
<testsuite hostname="HMDNYC-41RVJGH5" name="com.test.raqemail.us.mobile.RAQBuildAndPriceMobile" tests="2" failures="0" timestamp="20 Jan 2021 22:43:15 GMT" time="52.829" errors="0">
  <testcase name="RAQBuildAndPriceMobileTest" time="26.693" classname="com.test.raqemail.us.mobile.RAQBuildAndPriceMobile"/>
  <testcase name="RAQBuildAndPriceMobileTest" time="26.136" classname="com.test.raqemail.us.mobile.RAQBuildAndPriceMobile"/>
</testsuite> <!-- com.test.raqemail.us.mobile.RAQBuildAndPriceMobile -->
