<?xml version="1.0" encoding="UTF-8"?>
<!-- Generated by org.testng.reporters.JUnitReportReporter -->
<testsuite hostname="HMDNYC-41RVJGH5" name="com.test.us.functional.HandRaiserForm" tests="1" failures="0" timestamp="3 Dec 2020 20:13:57 GMT" time="9.340" errors="0">
  <testcase name="HandRaiserFormTest" time="9.340" classname="com.test.us.functional.HandRaiserForm"/>
</testsuite> <!-- com.test.us.functional.HandRaiserForm -->
