<?xml version="1.0" encoding="UTF-8"?>
<!-- Generated by org.testng.reporters.JUnitReportReporter -->
<testsuite hostname="HMDNYC-41RVJGH5" name="com.test.us.desktop.RAQFindADealer" tests="4" failures="0" timestamp="3 Mar 2020 23:22:05 GMT" time="119.259" errors="0">
  <testcase name="RAQFindADealerByDealersPageTest" time="29.540" classname="com.test.us.desktop.RAQFindADealer"/>
  <testcase name="RAQFindADealerByDealersPageTest" time="30.116" classname="com.test.us.desktop.RAQFindADealer"/>
  <testcase name="RAQFindADealerByDealerIdTest" time="29.792" classname="com.test.us.desktop.RAQFindADealer"/>
  <testcase name="RAQFindADealerByDealerIdTest" time="29.811" classname="com.test.us.desktop.RAQFindADealer"/>
</testsuite> <!-- com.test.us.desktop.RAQFindADealer -->
