<?xml version="1.0" encoding="UTF-8"?>
<!-- Generated by org.testng.reporters.JUnitReportReporter -->
<testsuite hostname="HMDNYC-41RVJGH5" name="com.test.us.functional.FindADealerSETProximityTest" tests="4" failures="0" timestamp="12 Mar 2020 14:29:26 GMT" time="145.935" errors="0">
  <testcase name="verifyAdealerDistanceForSETzipcodeTest" time="33.822" classname="com.test.us.functional.FindADealerSETProximityTest"/>
  <testcase name="verifyAdealerDistanceForAbove100MilesZipcodeTest" time="33.006" classname="com.test.us.functional.FindADealerSETProximityTest"/>
  <testcase name="verifyAdealerDistanceForAbove50MilesZipcodeTest" time="34.199" classname="com.test.us.functional.FindADealerSETProximityTest"/>
  <testcase name="verifyAdealerDistanceForAllZipcodeTest" time="44.908" classname="com.test.us.functional.FindADealerSETProximityTest"/>
</testsuite> <!-- com.test.us.functional.FindADealerSETProximityTest -->
