<?xml version="1.0" encoding="UTF-8"?>
<!-- Generated by org.testng.reporters.JUnitReportReporter -->
<testsuite hostname="HMDNYC-41RVJGH5" name="com.test.raqemail.us.mobile.RAQFindADealerMobile" tests="2" failures="0" timestamp="13 Nov 2020 19:31:10 GMT" time="41.848" errors="0">
  <testcase name="RAQFindADealerByDealersPageMobileTest" time="25.000" classname="com.test.raqemail.us.mobile.RAQFindADealerMobile"/>
  <testcase name="RAQFindADealerByDealerIdMobileTest" time="16.848" classname="com.test.raqemail.us.mobile.RAQFindADealerMobile"/>
</testsuite> <!-- com.test.raqemail.us.mobile.RAQFindADealerMobile -->
