<?xml version="1.0" encoding="UTF-8"?>
<!-- Generated by org.testng.reporters.JUnitReportReporter -->
<testsuite hostname="HMDNYC-41RVJGH5" name="com.test.smoke.InPageMenuNav" tests="3" failures="0" timestamp="11 Jan 2021 20:39:02 GMT" time="20.174" errors="0">
  <testcase name="InPageFindADealerNavTest" time="7.725" classname="com.test.smoke.InPageMenuNav"/>
  <testcase name="InPageBuildAndPriceNavTest" time="7.648" classname="com.test.smoke.InPageMenuNav"/>
  <testcase name="InPageSearchInventoryNavTest" time="4.801" classname="com.test.smoke.InPageMenuNav"/>
</testsuite> <!-- com.test.smoke.InPageMenuNav -->
