<?xml version="1.0" encoding="UTF-8"?>
<!-- Generated by org.testng.reporters.JUnitReportReporter -->
<testsuite hostname="HMDNYC-41RVJGH5" name="com.test.raqemail.espanol.desktop.RAQBuildAndPriceEsp" tests="1" failures="0" timestamp="3 Feb 2021 19:46:49 GMT" time="23.929" errors="0">
  <testcase name="RAQBuildAndPriceEspTest" time="23.929" classname="com.test.raqemail.espanol.desktop.RAQBuildAndPriceEsp"/>
</testsuite> <!-- com.test.raqemail.espanol.desktop.RAQBuildAndPriceEsp -->
