<?xml version="1.0" encoding="UTF-8"?>
<!-- Generated by org.testng.reporters.JUnitReportReporter -->
<testsuite hostname="HMDNYC-41RVJGH5" name="com.test.raqemail.us.mobile.RAQLocalSpecialMobile" tests="3" failures="0" timestamp="24 Mar 2020 14:46:06 GMT" time="57.421" errors="0">
  <testcase name="RAQLocalSpecialMobileTest" time="16.247" classname="com.test.raqemail.us.mobile.RAQLocalSpecialMobile"/>
  <testcase name="RAQLocalSpecialMobileTest" time="18.801" classname="com.test.raqemail.us.mobile.RAQLocalSpecialMobile"/>
  <testcase name="RAQLocalSpecialMobileTest" time="22.373" classname="com.test.raqemail.us.mobile.RAQLocalSpecialMobile"/>
</testsuite> <!-- com.test.raqemail.us.mobile.RAQLocalSpecialMobile -->
