<?xml version="1.0" encoding="UTF-8"?>
<!-- Generated by org.testng.reporters.JUnitReportReporter -->
<testsuite hostname="HMDNYC-41RVJGH5" name="com.test.raqemail.us.desktop.RAQContactADealer" tests="1" failures="0" timestamp="3 Feb 2021 19:46:49 GMT" time="19.980" errors="0">
  <testcase name="RAQContactADealerTest" time="19.980" classname="com.test.raqemail.us.desktop.RAQContactADealer"/>
</testsuite> <!-- com.test.raqemail.us.desktop.RAQContactADealer -->
