<?xml version="1.0" encoding="UTF-8"?>
<!-- Generated by org.testng.reporters.JUnitReportReporter -->
<testsuite hostname="HMDNYC-41RVJGH5" name="com.test.espanol.desktop.RAQSearchInventoryEsp" tests="1" failures="0" timestamp="9 Mar 2020 17:12:22 GMT" time="34.309" errors="0">
  <testcase name="RAQSearchInventoryEspTest" time="34.309" classname="com.test.espanol.desktop.RAQSearchInventoryEsp"/>
</testsuite> <!-- com.test.espanol.desktop.RAQSearchInventoryEsp -->
