<?xml version="1.0" encoding="UTF-8"?>
<!-- Generated by org.testng.reporters.JUnitReportReporter -->
<testsuite hostname="HMDNYC-41RVJGH5" name="com.test.us.functional.Contact" tests="8" failures="0" timestamp="10 Dec 2020 17:21:58 GMT" time="64.446" errors="0">
  <testcase name="contactEspanolFleetTest" time="6.373" classname="com.test.us.functional.Contact"/>
  <testcase name="contactGRSupraEspanolTest" time="6.035" classname="com.test.us.functional.Contact"/>
  <testcase name="contactGRHotHatchEspanolTest" time="6.777" classname="com.test.us.functional.Contact"/>
  <testcase name="contactGRSupraTest" time="10.651" classname="com.test.us.functional.Contact"/>
  <testcase name="contactGRHotHatchTest" time="5.986" classname="com.test.us.functional.Contact"/>
  <testcase name="contactFleetTest" time="10.247" classname="com.test.us.functional.Contact"/>
  <testcase name="contactSupraXfinitySeriesTest" time="11.867" classname="com.test.us.functional.Contact"/>
  <testcase name="contactSupraXfinityEspanolTest" time="6.510" classname="com.test.us.functional.Contact"/>
</testsuite> <!-- com.test.us.functional.Contact -->
