<?xml version="1.0" encoding="UTF-8"?>
<!-- Generated by org.testng.reporters.JUnitReportReporter -->
<testsuite hostname="HMDNYC-41RVJGH5" name="com.test.us.desktop.RAQBuildAndPrice" tests="1" failures="0" timestamp="3 Mar 2020 23:22:05 GMT" time="33.219" errors="0">
  <testcase name="RAQBuildAndPriceTest" time="33.219" classname="com.test.us.desktop.RAQBuildAndPrice"/>
</testsuite> <!-- com.test.us.desktop.RAQBuildAndPrice -->
