<?xml version="1.0" encoding="UTF-8"?>
<!-- Generated by org.testng.reporters.JUnitReportReporter -->
<testsuite hostname="HMDNYC-41RVJGH5" name="com.test.us.mobile.RAQSelectVehicleMobile" tests="1" failures="0" timestamp="30 Jan 2020 22:14:44 GMT" time="84.300" errors="0">
  <testcase name="RAQLocalSpecialMobileTest" time="84.300" classname="com.test.us.mobile.RAQSelectVehicleMobile"/>
</testsuite> <!-- com.test.us.mobile.RAQSelectVehicleMobile -->
