<?xml version="1.0" encoding="UTF-8"?>
<!-- Generated by org.testng.reporters.JUnitReportReporter -->
<testsuite hostname="HMDNYC-41RVJGH5" name="com.test.us.mobile.RAQStandaloneMobile" tests="2" failures="0" timestamp="3 Mar 2020 23:22:05 GMT" time="51.452" errors="0">
  <testcase name="RAQStandAloneMobileTest" time="25.713" classname="com.test.us.mobile.RAQStandaloneMobile"/>
  <testcase name="RAQStandAloneMobileTest" time="25.739" classname="com.test.us.mobile.RAQStandaloneMobile"/>
</testsuite> <!-- com.test.us.mobile.RAQStandaloneMobile -->
