<?xml version="1.0" encoding="UTF-8"?>
<!-- Generated by org.testng.reporters.JUnitReportReporter -->
<testsuite hostname="HMDNYC-41RVJGH5" name="com.test.espanol.mobile.RAQSearchInventoryEspMobile" tests="1" failures="0" timestamp="3 Mar 2020 23:22:05 GMT" time="22.574" errors="0">
  <testcase name="testRAQSearchInventoryEspMobile" time="22.574" classname="com.test.espanol.mobile.RAQSearchInventoryEspMobile"/>
</testsuite> <!-- com.test.espanol.mobile.RAQSearchInventoryEspMobile -->
