<?xml version="1.0" encoding="UTF-8"?>
<!-- Generated by org.testng.reporters.JUnitReportReporter -->
<testsuite hostname="HMDNYC-41RVJGH5" name="com.test.smoke.GeoLocationSmoke" tests="7" failures="0" timestamp="15 Jan 2021 19:06:41 GMT" time="54.964" errors="0">
  <testcase name="verifyGeolocationRAQFromFindADelear" time="5.448" classname="com.test.smoke.GeoLocationSmoke"/>
  <testcase name="verifyGeoLocationRAQFromBnP" time="11.949" classname="com.test.smoke.GeoLocationSmoke"/>
  <testcase name="verifyGeolocationRAQFromSIT" time="6.604" classname="com.test.smoke.GeoLocationSmoke"/>
  <testcase name="VerifyGeoLocationRAQStandalone" time="6.523" classname="com.test.smoke.GeoLocationSmoke"/>
  <testcase name="VerifyGeoLocationMLPPage" time="5.719" classname="com.test.smoke.GeoLocationSmoke"/>
  <testcase name="VerifyGeoLocationOfSetYourLocationPopUp" time="8.070" classname="com.test.smoke.GeoLocationSmoke"/>
  <testcase name="VerifyGeoLocationValidation" time="10.651" classname="com.test.smoke.GeoLocationSmoke"/>
</testsuite> <!-- com.test.smoke.GeoLocationSmoke -->
