<?xml version="1.0" encoding="UTF-8"?>
<!-- Generated by org.testng.reporters.JUnitReportReporter -->
<testsuite hostname="HMDNYC-41RVJGH5" name="com.test.raqemail.us.desktop.RAQZEV" tests="6" failures="0" timestamp="13 Nov 2020 18:01:27 GMT" time="102.004" errors="0">
  <testcase name="RAQZEVTest" time="16.369" classname="com.test.raqemail.us.desktop.RAQZEV"/>
  <testcase name="RAQZEVTest" time="18.617" classname="com.test.raqemail.us.desktop.RAQZEV"/>
  <testcase name="RAQZEVTest" time="16.507" classname="com.test.raqemail.us.desktop.RAQZEV"/>
  <testcase name="RAQZEVTest" time="17.231" classname="com.test.raqemail.us.desktop.RAQZEV"/>
  <testcase name="RAQZEVTest" time="16.723" classname="com.test.raqemail.us.desktop.RAQZEV"/>
  <testcase name="RAQZEVTest" time="16.557" classname="com.test.raqemail.us.desktop.RAQZEV"/>
</testsuite> <!-- com.test.raqemail.us.desktop.RAQZEV -->
