<?xml version="1.0" encoding="UTF-8"?>
<!-- Generated by org.testng.reporters.JUnitReportReporter -->
<testsuite hostname="HMDNYC-41RVJGH5" name="com.test.raqemail.us.desktop.RAQFindADealer" tests="2" failures="0" timestamp="3 Feb 2021 19:46:49 GMT" time="39.745" errors="0">
  <testcase name="RAQFindADealerByDealerIdTest" time="17.327" classname="com.test.raqemail.us.desktop.RAQFindADealer"/>
  <testcase name="RAQFindADealerByDealersPageTest" time="22.418" classname="com.test.raqemail.us.desktop.RAQFindADealer"/>
</testsuite> <!-- com.test.raqemail.us.desktop.RAQFindADealer -->
