<?xml version="1.0" encoding="UTF-8"?>
<!-- Generated by org.testng.reporters.JUnitReportReporter -->
<testsuite hostname="HMDNYC-41RVJGH5" name="com.test.us.desktop.RAQLocalSpecial" tests="3" failures="0" timestamp="3 Mar 2020 23:22:05 GMT" time="79.961" errors="0">
  <testcase name="RAQLocalSpecialTest" time="25.990" classname="com.test.us.desktop.RAQLocalSpecial"/>
  <testcase name="RAQLocalSpecialTest" time="27.130" classname="com.test.us.desktop.RAQLocalSpecial"/>
  <testcase name="RAQLocalSpecialTest" time="26.841" classname="com.test.us.desktop.RAQLocalSpecial"/>
</testsuite> <!-- com.test.us.desktop.RAQLocalSpecial -->
