<?xml version="1.0" encoding="UTF-8"?>
<!-- Generated by org.testng.reporters.JUnitReportReporter -->
<testsuite hostname="HMDNYC-41RVJGH5" name="com.test.espanol.desktop.RAQBuildAndPriceEsp" tests="1" failures="0" timestamp="3 Mar 2020 23:22:05 GMT" time="35.426" errors="0">
  <testcase name="RAQBuildAndPriceEspTest" time="35.426" classname="com.test.espanol.desktop.RAQBuildAndPriceEsp"/>
</testsuite> <!-- com.test.espanol.desktop.RAQBuildAndPriceEsp -->
