<?xml version="1.0" encoding="UTF-8"?>
<!-- Generated by org.testng.reporters.JUnitReportReporter -->
<testsuite hostname="HMDNYC-41RVJGH5" name="com.test.us.functional.GeoLocated" tests="1" failures="0" timestamp="10 Apr 2020 16:42:42 GMT" time="3.652" errors="0">
  <testcase name="zipcodeGeoLocatedTest" time="3.652" classname="com.test.us.functional.GeoLocated"/>
</testsuite> <!-- com.test.us.functional.GeoLocated -->
