<?xml version="1.0" encoding="UTF-8"?>
<!-- Generated by org.testng.reporters.JUnitReportReporter -->
<testsuite hostname="HMDNYC-41RVJGH5" name="com.test.raqemail.espanol.desktop.RAQStandaloneEsp" tests="1" failures="0" timestamp="3 Feb 2021 19:46:49 GMT" time="17.846" errors="0">
  <testcase name="RAQStandaloneEspTest" time="17.846" classname="com.test.raqemail.espanol.desktop.RAQStandaloneEsp"/>
</testsuite> <!-- com.test.raqemail.espanol.desktop.RAQStandaloneEsp -->
