<?xml version="1.0" encoding="UTF-8"?>
<!-- Generated by org.testng.reporters.JUnitReportReporter -->
<testsuite hostname="HMDNYC-41RVJGH5" name="com.test.us.mobile.RAQSearchInventoryMobile" tests="3" failures="0" timestamp="3 Mar 2020 23:22:05 GMT" time="85.092" errors="0">
  <testcase name="RAQSearchInventoryMobileTest" time="31.281" classname="com.test.us.mobile.RAQSearchInventoryMobile"/>
  <testcase name="RAQSearchInventoryMobileTest" time="27.686" classname="com.test.us.mobile.RAQSearchInventoryMobile"/>
  <testcase name="RAQSearchInventoryMobileTest" time="26.125" classname="com.test.us.mobile.RAQSearchInventoryMobile"/>
</testsuite> <!-- com.test.us.mobile.RAQSearchInventoryMobile -->
