<?xml version="1.0" encoding="UTF-8"?>
<!-- Generated by org.testng.reporters.JUnitReportReporter -->
<testsuite hostname="HMDNYC-41RVJGH5" name="com.test.us.functional.SearchInventoryDriveTrain" tests="1" failures="0" timestamp="26 Jan 2021 19:52:06 GMT" time="21.132" errors="0">
  <testcase name="testVerifyDriveTrain" time="21.132" classname="com.test.us.functional.SearchInventoryDriveTrain"/>
</testsuite> <!-- com.test.us.functional.SearchInventoryDriveTrain -->
