<?xml version="1.0" encoding="UTF-8"?>
<!-- Generated by org.testng.reporters.JUnitReportReporter -->
<testsuite hostname="HMDNYC-41RVJGH5" name="com.test.us.mobile.RAQFindADealerMobile" tests="4" failures="0" timestamp="3 Mar 2020 23:22:05 GMT" time="111.477" errors="0">
  <testcase name="RAQFindADealerByDealersPageMobileTest" time="30.756" classname="com.test.us.mobile.RAQFindADealerMobile"/>
  <testcase name="RAQFindADealerByDealerIdMobileTest" time="26.123" classname="com.test.us.mobile.RAQFindADealerMobile"/>
  <testcase name="RAQFindADealerByDealerIdMobileTest" time="25.186" classname="com.test.us.mobile.RAQFindADealerMobile"/>
  <testcase name="RAQFindADealerByDealersPageMobileTest" time="29.412" classname="com.test.us.mobile.RAQFindADealerMobile"/>
</testsuite> <!-- com.test.us.mobile.RAQFindADealerMobile -->
