<?xml version="1.0" encoding="UTF-8"?>
<!-- Generated by org.testng.reporters.JUnitReportReporter -->
<testsuite hostname="HMDNYC-41RVJGH5" name="com.test.espanol.desktop.RAQStandaloneEsp" tests="1" failures="0" timestamp="9 Mar 2020 17:08:24 GMT" time="28.111" errors="0">
  <testcase name="RAQStandaloneEspTest" time="28.111" classname="com.test.espanol.desktop.RAQStandaloneEsp"/>
</testsuite> <!-- com.test.espanol.desktop.RAQStandaloneEsp -->
