<?xml version="1.0" encoding="UTF-8"?>
<!-- Generated by org.testng.reporters.JUnitReportReporter -->
<testsuite hostname="HMDNYC-41RVJGH5" name="com.test.us.functional.MultiTDA" tests="4" failures="0" timestamp="1 Dec 2020 15:08:22 GMT" time="56.894" errors="0">
  <testcase name="multiTDAModalDisplayTest" time="9.406" classname="com.test.us.functional.MultiTDA"/>
  <testcase name="multiTDAModalDisplayTest" time="7.465" classname="com.test.us.functional.MultiTDA"/>
  <testcase name="multiTDAChangeDealerTest" time="7.017" classname="com.test.us.functional.MultiTDA"/>
  <testcase name="multiTDAModalDisplayTest" time="33.006" classname="com.test.us.functional.MultiTDA"/>
</testsuite> <!-- com.test.us.functional.MultiTDA -->
