<?xml version="1.0" encoding="UTF-8"?>
<!-- Generated by org.testng.reporters.JUnitReportReporter -->
<testsuite hostname="HMDNYC-41RVJGH5" name="com.test.raqemail.us.mobile.RAQSelectVehicleMobile" tests="1" failures="0" timestamp="18 May 2020 19:30:26 GMT" time="33.685" errors="0">
  <testcase name="RAQSelectVehicleMobileTest" time="33.685" classname="com.test.raqemail.us.mobile.RAQSelectVehicleMobile"/>
</testsuite> <!-- com.test.raqemail.us.mobile.RAQSelectVehicleMobile -->
