<?xml version="1.0" encoding="UTF-8"?>
<!-- Generated by org.testng.reporters.JUnitReportReporter -->
<testsuite hostname="HMDNYC-41RVJGH5" name="com.test.us.functional.FindADealer" tests="2" failures="0" timestamp="9 Mar 2020 15:35:03 GMT" time="79.111" errors="0">
  <testcase name="verifyAdealerDistanceForSETzipcodeTest" time="33.445" classname="com.test.us.functional.FindADealer"/>
  <testcase name="verifyAdealerDistanceForGSTzipcodeTest" time="45.666" classname="com.test.us.functional.FindADealer"/>
</testsuite> <!-- com.test.us.functional.FindADealer -->
