<?xml version="1.0" encoding="UTF-8"?>
<!-- Generated by org.testng.reporters.JUnitReportReporter -->
<testsuite hostname="HMDNYC-41RVJGH5" name="com.test.us.functional.TestViewConfig" tests="2" failures="0" timestamp="12 Aug 2020 16:37:01 GMT" time="26.410" errors="0">
  <testcase name="RAQSETRulesTest" time="12.214" classname="com.test.us.functional.TestViewConfig"/>
  <testcase name="RAQSETRulesTest" time="14.196" classname="com.test.us.functional.TestViewConfig"/>
</testsuite> <!-- com.test.us.functional.TestViewConfig -->
