<?xml version="1.0" encoding="UTF-8"?>
<!-- Generated by org.testng.reporters.JUnitReportReporter -->
<testsuite hostname="HMDNYC-41RVJGH5" name="com.test.us.functional.HandraiserForms" tests="9" failures="0" timestamp="20 Jan 2021 17:30:12 GMT" time="53.184" errors="0">
  <testcase name="UpcomingVehiclesTrailspecialeidtionsFormTest" time="13.660" classname="com.test.us.functional.HandraiserForms"/>
  <testcase name="contactSupraXfinitySeriesTest" time="4.062" classname="com.test.us.functional.HandraiserForms"/>
  <testcase name="contactFleetTest" time="6.292" classname="com.test.us.functional.HandraiserForms"/>
  <testcase name="contactGRHotHatchTest" time="4.266" classname="com.test.us.functional.HandraiserForms"/>
  <testcase name="contactEspanolFleetTest" time="4.330" classname="com.test.us.functional.HandraiserForms"/>
  <testcase name="contactGRSupraEspanolTest" time="3.862" classname="com.test.us.functional.HandraiserForms"/>
  <testcase name="contactGRHotHatchEspanolTest" time="6.488" classname="com.test.us.functional.HandraiserForms"/>
  <testcase name="contactGRSupraTest" time="5.743" classname="com.test.us.functional.HandraiserForms"/>
  <testcase name="contactSupraXfinityEspanolTest" time="4.481" classname="com.test.us.functional.HandraiserForms"/>
</testsuite> <!-- com.test.us.functional.HandraiserForms -->
