<?xml version="1.0" encoding="UTF-8"?>
<!-- Generated by org.testng.reporters.JUnitReportReporter -->
<testsuite hostname="HMDNYC-41RVJGH5" name="com.test.us.desktop.RAQContactADealer" tests="1" failures="0" timestamp="18 Feb 2020 18:13:26 GMT" time="69.378" errors="0">
  <testcase name="RAQContactADealerTest" time="69.378" classname="com.test.us.desktop.RAQContactADealer"/>
</testsuite> <!-- com.test.us.desktop.RAQContactADealer -->
