<?xml version="1.0" encoding="UTF-8"?>
<!-- Generated by org.testng.reporters.JUnitReportReporter -->
<testsuite hostname="HMDNYC-41RVJGH5" name="com.test.api.DISResponse" tests="15" failures="0" timestamp="11 Jan 2021 20:04:37 GMT" time="7.689" errors="0">
  <testcase name="DISresponseTest" time="0.457" classname="com.test.api.DISResponse"/>
  <testcase name="DISresponseTest" time="0.465" classname="com.test.api.DISResponse"/>
  <testcase name="DISresponseTest" time="0.365" classname="com.test.api.DISResponse"/>
  <testcase name="DISresponseTest" time="0.351" classname="com.test.api.DISResponse"/>
  <testcase name="DISresponseTest" time="0.417" classname="com.test.api.DISResponse"/>
  <testcase name="DISresponseTest" time="0.355" classname="com.test.api.DISResponse"/>
  <testcase name="DISresponseTest" time="0.483" classname="com.test.api.DISResponse"/>
  <testcase name="DISresponseTest" time="0.407" classname="com.test.api.DISResponse"/>
  <testcase name="DISresponseTest" time="0.390" classname="com.test.api.DISResponse"/>
  <testcase name="DISresponseTest" time="0.518" classname="com.test.api.DISResponse"/>
  <testcase name="DISresponseTest" time="0.514" classname="com.test.api.DISResponse"/>
  <testcase name="DISresponseTest" time="0.374" classname="com.test.api.DISResponse"/>
  <testcase name="DISresponseTest" time="0.348" classname="com.test.api.DISResponse"/>
  <testcase name="DISresponseHawaiiTest" time="1.816" classname="com.test.api.DISResponse"/>
  <testcase name="DISresponseTest" time="0.429" classname="com.test.api.DISResponse"/>
</testsuite> <!-- com.test.api.DISResponse -->
