<?xml version="1.0" encoding="UTF-8"?>
<!-- Generated by org.testng.reporters.JUnitReportReporter -->
<testsuite hostname="HMDNYC-41RVJGH5" name="com.test.us.desktop.RAQStandalone" tests="2" failures="0" timestamp="3 Mar 2020 23:22:05 GMT" time="56.516" errors="0">
  <testcase name="RAQStandAloneTest" time="27.581" classname="com.test.us.desktop.RAQStandalone"/>
  <testcase name="RAQStandAloneTest" time="28.935" classname="com.test.us.desktop.RAQStandalone"/>
</testsuite> <!-- com.test.us.desktop.RAQStandalone -->
