<?xml version="1.0" encoding="UTF-8"?>
<!-- Generated by org.testng.reporters.JUnitReportReporter -->
<testsuite hostname="HMDNYC-41RVJGH5" name="com.test.us.functional.BrochuresReceiveEmailForm" tests="1" failures="0" timestamp="19 Jan 2021 18:09:56 GMT" time="14.427" errors="0">
  <testcase name="BrochuresReceiveEmailFormTest" time="14.427" classname="com.test.us.functional.BrochuresReceiveEmailForm"/>
</testsuite> <!-- com.test.us.functional.BrochuresReceiveEmailForm -->
