<?xml version="1.0" encoding="UTF-8"?>
<!-- Generated by org.testng.reporters.JUnitReportReporter -->
<testsuite hostname="HMDNYC-41RVJGH5" name="com.test.us.functional.RequestAQuoteStandAlone" tests="1" failures="0" timestamp="11 Jan 2021 19:31:27 GMT" time="15.408" errors="0">
  <testcase name="verifySelectedSeriesTrimColorTest" time="15.408" classname="com.test.us.functional.RequestAQuoteStandAlone"/>
</testsuite> <!-- com.test.us.functional.RequestAQuoteStandAlone -->
