<?xml version="1.0" encoding="UTF-8"?>
<!-- Generated by org.testng.reporters.JUnitReportReporter -->
<testsuite hostname="HMDNYC-41RVJGH5" name="com.test.us.functional.ValidateEmailYourToyotaForm" tests="1" failures="0" timestamp="19 Jan 2021 22:25:29 GMT" time="45.349" errors="0">
  <testcase name="ValidateEmailYourToyotaFormTest" time="45.349" classname="com.test.us.functional.ValidateEmailYourToyotaForm"/>
</testsuite> <!-- com.test.us.functional.ValidateEmailYourToyotaForm -->
