<?xml version="1.0" encoding="UTF-8"?>
<!-- Generated by org.testng.reporters.JUnitReportReporter -->
<testsuite hostname="HMDNYC-41RVJGH5" name="com.test.smoke.SmokeRAQ" tests="3" failures="0" timestamp="11 Jan 2021 19:31:27 GMT" time="65.673" errors="0">
  <testcase name="searchInventoryRAQ" time="20.880" classname="com.test.smoke.SmokeRAQ"/>
  <testcase name="findADealerRAQ" time="23.214" classname="com.test.smoke.SmokeRAQ"/>
  <testcase name="buildAndPriceRAQ" time="21.579" classname="com.test.smoke.SmokeRAQ"/>
</testsuite> <!-- com.test.smoke.SmokeRAQ -->
