<?xml version="1.0" encoding="UTF-8"?>
<!-- Generated by org.testng.reporters.JUnitReportReporter -->
<testsuite hostname="HMDNYC-41RVJGH5" name="com.test.smoke.HyperLinkVerification" tests="1" failures="0" timestamp="15 Jan 2021 21:51:03 GMT" time="139.425" errors="0">
  <testcase name="HyperLinkVerificationTest" time="139.425" classname="com.test.smoke.HyperLinkVerification"/>
</testsuite> <!-- com.test.smoke.HyperLinkVerification -->
