<?xml version="1.0" encoding="UTF-8"?>
<!-- Generated by org.testng.reporters.JUnitReportReporter -->
<testsuite hostname="HMDNYC-41RVJGH5" name="com.test.raqemail.espanol.desktop.RAQZEVEsp" tests="2" failures="0" timestamp="13 Nov 2020 19:44:57 GMT" time="35.358" errors="0">
  <testcase name="RAQZEVESPTest" time="18.348" classname="com.test.raqemail.espanol.desktop.RAQZEVEsp"/>
  <testcase name="RAQZEVESPTest" time="17.010" classname="com.test.raqemail.espanol.desktop.RAQZEVEsp"/>
</testsuite> <!-- com.test.raqemail.espanol.desktop.RAQZEVEsp -->
