<?xml version="1.0" encoding="UTF-8"?>
<!-- Generated by org.testng.reporters.JUnitReportReporter -->
<testsuite hostname="HMDNYC-41RVJGH5" name="com.test.raqemail.espanol.desktop.RAQSearchInventoryEsp" tests="1" failures="0" timestamp="3 Feb 2021 19:46:49 GMT" time="15.728" errors="0">
  <testcase name="RAQSearchInventoryEspTest" time="15.728" classname="com.test.raqemail.espanol.desktop.RAQSearchInventoryEsp"/>
</testsuite> <!-- com.test.raqemail.espanol.desktop.RAQSearchInventoryEsp -->
