<?xml version="1.0" encoding="UTF-8"?>
<!-- Generated by org.testng.reporters.JUnitReportReporter -->
<testsuite hostname="HMDNYC-41RVJGH5" name="com.test.raqemail.us.desktop.RAQStandalone" tests="2" failures="0" timestamp="3 Feb 2021 19:46:49 GMT" time="35.361" errors="0">
  <testcase name="RAQStandAloneTest" time="18.967" classname="com.test.raqemail.us.desktop.RAQStandalone"/>
  <testcase name="RAQStandAloneTest1" time="16.394" classname="com.test.raqemail.us.desktop.RAQStandalone"/>
</testsuite> <!-- com.test.raqemail.us.desktop.RAQStandalone -->
