<?xml version="1.0" encoding="UTF-8"?>
<!-- Generated by org.testng.reporters.JUnitXMLReporter -->
<testsuite hostname="HMDNYC-41RVJGH5" name="Test-Suite" tests="12" failures="0" timestamp="3 Feb 2021 19:46:49 GMT" time="244.853" errors="0">
  <testcase name="RAQStandAloneTest" time="15.323" classname="com.test.raqemail.us.desktop.RAQStandalone"/>
  <testcase name="RAQStandAloneTest1" time="15.159" classname="com.test.raqemail.us.desktop.RAQStandalone"/>
  <testcase name="RAQContactADealerTest" time="15.903" classname="com.test.raqemail.us.desktop.RAQContactADealer"/>
  <testcase name="RAQBuildAndPriceTest" time="20.639" classname="com.test.raqemail.us.desktop.RAQBuildAndPrice"/>
  <testcase name="RAQSearchInventoryTest" time="11.962" classname="com.test.raqemail.us.desktop.RAQSearchInventory"/>
  <testcase name="RAQFindADealerByDealerIdTest" time="16.113" classname="com.test.raqemail.us.desktop.RAQFindADealer"/>
  <testcase name="RAQFindADealerByDealersPageTest" time="16.856" classname="com.test.raqemail.us.desktop.RAQFindADealer"/>
  <testcase name="RAQFindYourMatchTest" time="13.782" classname="com.test.raqemail.us.desktop.RAQFindYourMatch"/>
  <testcase name="RAQFindYourMatchTest" time="13.371" classname="com.test.raqemail.us.desktop.RAQFindYourMatch"/>
  <testcase name="RAQStandaloneEspTest" time="13.976" classname="com.test.raqemail.espanol.desktop.RAQStandaloneEsp"/>
  <testcase name="RAQBuildAndPriceEspTest" time="19.75" classname="com.test.raqemail.espanol.desktop.RAQBuildAndPriceEsp"/>
  <testcase name="RAQSearchInventoryEspTest" time="11.96" classname="com.test.raqemail.espanol.desktop.RAQSearchInventoryEsp"/>
</testsuite> <!-- Test-Suite -->
